2021-02-22 20:33:46,753 [ 1] INFO  Unity: LoadingManager start
2021-02-22 20:33:49,764 [ 1] INFO  Unity: DataManager > DataManager()
2021-02-22 20:34:00,699 [ 1] INFO  Unity: SendLogin::user :root psw:root
2021-02-22 20:34:00,700 [ 1] INFO  Unity: ConnectToServer() Start 
2021-02-22 20:34:00,704 [ 1] INFO  Unity: DoConnect
2021-02-22 20:34:00,705 [ 1] INFO  Unity: NetClient.DoConnect on 127.0.0.1:8000
2021-02-22 20:34:00,707 [ 1] INFO  Unity: Connect[0] to server 127.0.0.1:8000

2021-02-22 20:34:00,710 [ 1] INFO  Unity: LoadingMesager::OnGameServerConnect :0 reason:Success
2021-02-22 20:34:00,786 [ 1] INFO  Unity: OnUserRegister:Success [None]
2021-02-22 20:34:00,787 [ 1] INFO  Unity: LoadLevel: CharSelect
2021-02-22 20:34:00,887 [ 1] INFO  Unity: LevelLoadCompleted:1
2021-02-22 20:34:00,890 [ 1] INFO  Unity: Character count: 1
2021-02-22 20:34:00,891 [ 1] INFO  Unity: ------OnSelectCharClass
2021-02-22 20:34:00,892 [ 1] INFO  Unity: charClass.text: Wizard
2021-02-22 20:34:00,892 [ 1] INFO  Unity: charName.text: jojo
2021-02-22 20:34:02,588 [ 1] INFO  Unity: Select Char:[38]jojo[Wizard]
2021-02-22 20:34:07,065 [ 1] INFO  Unity: ------OnClickPlay: 0
2021-02-22 20:34:07,066 [ 1] INFO  Unity: UserGameEnterRequest::characterId: 0
2021-02-22 20:34:07,094 [ 1] INFO  Unity: OnGameEnter: Success [None]
2021-02-22 20:34:07,096 [ 1] INFO  Unity: AddCharacter: 38: jojo Map: 1 Entity: (0:pos:(5000,4000,820),dir:(100,0,0),spd:0
2021-02-22 20:34:07,098 [ 1] INFO  Unity: LoadLevel: MainCity
2021-02-22 20:34:07,422 [ 1] INFO  Unity: LevelLoadCompleted:1
2021-02-22 20:58:07,966 [ 1] INFO  Unity: OnDestroy NetworkManager.
2021-02-22 20:58:07,966 [ 1] WARN  Unity: CloseConnection(), errorCode: 1007
UnityEngine.Debug:LogWarning(Object)
Network.NetClient:CloseConnection(Int32) (at Assets/Scripts/Network/NetClient.cs:180)
Network.NetClient:OnDestroy() (at Assets/Scripts/Network/NetClient.cs:175)

